<?xml version="1.0" encoding="UTF-8"?>
<!-- Generated by org.testng.reporters.JUnitXMLReporter -->
<testsuite hostname="qiang-ThinkPad-P51" ignored="0" name="test1" tests="4" failures="0" timestamp="21 Aug 2018 18:49:32 GMT" time="1.705" errors="0">
  <testcase name="test" time="0.005" classname="com.camvi.autotest.CamviTestNGPlatform"/>
  <testcase name="test" time="0.592" classname="com.camvi.autotest.personApi.PersonApiCreate"/>
  <testcase name="test" time="0.151" classname="com.camvi.autotest.personApi.PersonApiCreate"/>
  <testcase name="test" time="0.493" classname="com.camvi.autotest.personApi.PersonApiCreate"/>
</testsuite> <!-- test1 -->
