<?xml version="1.0" encoding="UTF-8"?>
<!-- Generated by org.testng.reporters.JUnitXMLReporter -->
<testsuite ignored="4" hostname="zhaoming-VirtualBox" failures="0" tests="65" name="package" time="72.75" errors="0" timestamp="30 Nov 2020 21:09:13 GMT">
  <testcase classname="com.camvi.autotest.personApi.PersonApiDisable" name="testDisable" time="1.393"/>
  <testcase classname="com.camvi.autotest.personApi.PersonApiClear" name="appendFace" time="0.414"/>
  <testcase classname="com.camvi.autotest.personApi.PersonApiClear" name="appendFace" time="0.796"/>
  <testcase classname="com.camvi.autotest.personApi.PersonApiFaceInfo" name="createFaces" time="0.532"/>
  <testcase classname="com.camvi.autotest.personApi.PersonApiFaceInfo" name="createFaces" time="0.321"/>
  <testcase classname="com.camvi.autotest.personApi.PersonApiFaceInfo" name="createFaces" time="0.365"/>
  <testcase classname="com.camvi.autotest.personApi.PersonApiFaceInfo" name="createFaces" time="0.415"/>
  <testcase classname="com.camvi.autotest.personApi.PersonApiFaceInfo" name="createFaces" time="0.985"/>
  <testcase classname="com.camvi.autotest.personApi.PersonApiFaceInfo" name="createFaces" time="0.592"/>
  <testcase classname="com.camvi.autotest.personApi.PersonApiFaceInfo" name="createFaces" time="0.349"/>
  <testcase classname="com.camvi.autotest.personApi.PersonApiFaceInfo" name="createFaces" time="0.305"/>
  <testcase classname="com.camvi.autotest.personApi.PersonApiFaceInfo" name="createFaces" time="0.376"/>
  <testcase classname="com.camvi.autotest.personApi.PersonApiFaceInfo" name="createFaces" time="0.324"/>
  <testcase classname="com.camvi.autotest.personApi.PersonApiCreate" name="test" time="0.787"/>
  <testcase classname="com.camvi.autotest.personApi.PersonApiCreate" name="test" time="0.564"/>
  <testcase classname="com.camvi.autotest.personApi.PersonApiCreate" name="test" time="0.405"/>
  <testcase classname="com.camvi.autotest.personApi.PersonApiCreate" name="test" time="0.403"/>
  <testcase classname="com.camvi.autotest.personApi.PersonApiCreate" name="test" time="0.549"/>
  <testcase classname="com.camvi.autotest.personApi.PersonApiCreate" name="test" time="0.739"/>
  <testcase classname="com.camvi.autotest.personApi.PersonApiCreate" name="test" time="0.487"/>
  <testcase classname="com.camvi.autotest.personApi.PersonApiCreate" name="test" time="0.431"/>
  <testcase classname="com.camvi.autotest.personApi.PersonApiCreate" name="test" time="0.52"/>
  <testcase classname="com.camvi.autotest.personApi.PersonApiCreate" name="test" time="0.494"/>
  <testcase classname="com.camvi.autotest.personApi.PersonApiClear" name="test" time="0.108"/>
  <testcase classname="com.camvi.autotest.personApi.PersonApiFaceInfo" name="testFaceInfo" time="0.228"/>
  <testcase classname="com.camvi.autotest.personApi.PersonApiAddDetail" name="test" time="0.058"/>
  <testcase classname="com.camvi.autotest.personApi.PersonApiEnable" name="Disable" time="0.362"/>
  <testcase classname="com.camvi.autotest.personApi.PersonApiDelete" name="testCreate" time="0.035"/>
  <testcase classname="com.camvi.autotest.personApi.PersonApiDelete" name="testCreate" time="0.044"/>
  <testcase classname="com.camvi.autotest.personApi.PersonApiDelete" name="testCreate" time="0.047"/>
  <testcase classname="com.camvi.autotest.personApi.PersonApiDelete" name="testCreate" time="0.035"/>
  <testcase classname="com.camvi.autotest.personApi.PersonApiDelete" name="testCreate" time="0.031"/>
  <testcase classname="com.camvi.autotest.personApi.PersonApiDelete" name="testCreate" time="0.043"/>
  <testcase classname="com.camvi.autotest.personApi.PersonApiDelete" name="testCreate" time="0.043"/>
  <testcase classname="com.camvi.autotest.personApi.PersonApiDelete" name="testCreate" time="0.04"/>
  <testcase classname="com.camvi.autotest.personApi.PersonApiDelete" name="testCreate" time="0.042"/>
  <testcase classname="com.camvi.autotest.personApi.PersonApiDelete" name="testCreate" time="0.025"/>
  <testcase classname="com.camvi.autotest.personApi.PersonApiEnable" name="testEnable" time="0.874"/>
  <testcase classname="com.camvi.autotest.personApi.PersonApiDelete" name="testDelete" time="0.46"/>
  <testcase classname="com.camvi.autotest.personApi.PersonApiQuery" name="testQuery" time="0.017"/>
  <testcase classname="com.camvi.autotest.personApi.PersonApiQuery" name="testQuery" time="0.032"/>
  <testcase classname="com.camvi.autotest.personApi.PersonApiQuery" name="testQuery" time="0.031"/>
  <testcase classname="com.camvi.autotest.personApi.PersonApiQuery" name="testQuery" time="0.034"/>
  <testcase classname="com.camvi.autotest.personApi.PersonApiQuery" name="testQuery" time="0.035"/>
  <testcase classname="com.camvi.autotest.personApi.PersonApiQuery" name="testQuery" time="0.035"/>
  <testcase classname="com.camvi.autotest.personApi.PersonApiQuery" name="testQuery" time="0.026"/>
  <testcase classname="com.camvi.autotest.personApi.PersonApiQuery" name="testQuery" time="0.035"/>
  <testcase classname="com.camvi.autotest.personApi.PersonApiQuery" name="testQuery" time="0.042"/>
  <testcase classname="com.camvi.autotest.personApi.PersonApiQuery" name="testQuery" time="0.049"/>
  <testcase classname="com.camvi.autotest.personApi.PersonApiEdit" name="testEdit" time="0.039"/>
  <testcase classname="com.camvi.autotest.personApi.PersonApiRemoveDetail" name="test" time="0.113"/>
  <testcase classname="com.camvi.autotest.personApi.PersonApiAppendFace" name="testAppendFace" time="0.272"/>
  <testcase classname="com.camvi.autotest.personApi.PersonApiAppendFace" name="testAppendFace" time="0.406"/>
  <testcase classname="com.camvi.autotest.personApi.PersonApiAppendFace" name="test" time="0.06"/>
  <testcase classname="com.camvi.autotest.personApi.PersonApiRemoveFace" name="createFaces" time="0.617"/>
  <testcase classname="com.camvi.autotest.personApi.PersonApiRemoveFace" name="createFaces" time="0.367"/>
  <testcase classname="com.camvi.autotest.personApi.PersonApiRemoveFace" name="createFaces" time="0.315"/>
  <testcase classname="com.camvi.autotest.personApi.PersonApiRemoveFace" name="createFaces" time="0.321"/>
  <testcase classname="com.camvi.autotest.personApi.PersonApiRemoveFace" name="createFaces" time="0.691"/>
  <testcase classname="com.camvi.autotest.personApi.PersonApiRemoveFace" name="createFaces" time="1.132"/>
  <testcase classname="com.camvi.autotest.personApi.PersonApiRemoveFace" name="createFaces" time="0.372"/>
  <testcase classname="com.camvi.autotest.personApi.PersonApiRemoveFace" name="createFaces" time="0.284"/>
  <testcase classname="com.camvi.autotest.personApi.PersonApiRemoveFace" name="createFaces" time="0.386"/>
  <testcase classname="com.camvi.autotest.personApi.PersonApiRemoveFace" name="createFaces" time="0.339"/>
  <testcase classname="com.camvi.autotest.personApi.PersonApiRemoveFace" name="testRemoveFace" time="1.039"/>
  <testcase classname="com.camvi.autotest.personApi.PersonApiFindByName" name="test1" time="0.0">
    <ignored/>
  </testcase> <!-- test1 -->
  <testcase classname="com.camvi.autotest.personApi.PersonApiFindByName" name="testDuplicateName" time="0.0">
    <ignored/>
  </testcase> <!-- testDuplicateName -->
  <testcase classname="com.camvi.autotest.personApi.PersonApiGetCount" name="testGetCount" time="0.0">
    <ignored/>
  </testcase> <!-- testGetCount -->
  <testcase classname="com.camvi.autotest.personApi.PersonApiList" name="testList" time="0.0">
    <ignored/>
  </testcase> <!-- testList -->
</testsuite> <!-- package -->
